2017-11-27 10:24:23 - PHP Notice:  Undefined index: fax in /Users/dinghaoli/WebServer/Documents/PIMA2017/PIMA_code/catalog/model/account/customer.php on line 8
2017-11-27 10:24:23 - PHP Notice:  Undefined variable: customer_group_info in /Users/dinghaoli/WebServer/Documents/PIMA2017/PIMA_code/catalog/model/account/customer.php on line 8
2017-11-27 10:24:23 - PHP Warning:  Cannot modify header information - headers already sent by (output started at /Users/dinghaoli/WebServer/Documents/PIMA2017/PIMA_code/catalog/controller/startup/error.php:34) in /Users/dinghaoli/WebServer/Documents/PIMA2017/PIMA_code/system/library/response.php on line 12
2017-11-27 10:26:25 - PHP Notice:  Undefined index: email in /Users/dinghaoli/WebServer/Documents/PIMA2017/PIMA_code/catalog/controller/common/login.php on line 60
2017-11-27 10:26:25 - PHP Notice:  Undefined variable: email in /Users/dinghaoli/WebServer/Documents/PIMA2017/PIMA_code/catalog/model/account/customer.php on line 29
2017-11-27 10:26:34 - PHP Notice:  Undefined index: email in /Users/dinghaoli/WebServer/Documents/PIMA2017/PIMA_code/catalog/controller/common/login.php on line 60
2017-11-27 10:26:34 - PHP Notice:  Undefined variable: email in /Users/dinghaoli/WebServer/Documents/PIMA2017/PIMA_code/catalog/model/account/customer.php on line 29
2017-11-27 10:30:16 - PHP Notice:  Undefined index: email in /Users/dinghaoli/WebServer/Documents/PIMA2017/PIMA_code/catalog/controller/common/login.php on line 60
2017-11-27 10:30:16 - PHP Notice:  Undefined variable: email in /Users/dinghaoli/WebServer/Documents/PIMA2017/PIMA_code/catalog/model/account/customer.php on line 29
2017-11-27 10:31:14 - PHP Notice:  Undefined index: email in /Users/dinghaoli/WebServer/Documents/PIMA2017/PIMA_code/catalog/controller/common/login.php on line 60
2017-11-27 10:33:05 - PHP Notice:  Undefined index: email in /Users/dinghaoli/WebServer/Documents/PIMA2017/PIMA_code/catalog/controller/common/login.php on line 60
2017-11-27 10:33:57 - PHP Notice:  Undefined index: email in /Users/dinghaoli/WebServer/Documents/PIMA2017/PIMA_code/catalog/controller/common/login.php on line 60
2017-11-27 10:44:04 - PHP Notice:  Undefined index: fax in /Users/dinghaoli/WebServer/Documents/PIMA2017/PIMA_code/catalog/model/account/customer.php on line 8
2017-11-27 10:44:04 - PHP Notice:  Undefined variable: customer_group_info in /Users/dinghaoli/WebServer/Documents/PIMA2017/PIMA_code/catalog/model/account/customer.php on line 8
2017-11-27 10:44:04 - PHP Warning:  Cannot modify header information - headers already sent by (output started at /Users/dinghaoli/WebServer/Documents/PIMA2017/PIMA_code/catalog/controller/startup/error.php:34) in /Users/dinghaoli/WebServer/Documents/PIMA2017/PIMA_code/system/library/response.php on line 12
2017-11-27 10:46:38 - PHP Notice:  Undefined index: fax in /Users/dinghaoli/WebServer/Documents/PIMA2017/PIMA_code/catalog/model/account/customer.php on line 8
2017-11-27 10:46:38 - PHP Notice:  Undefined variable: customer_group_info in /Users/dinghaoli/WebServer/Documents/PIMA2017/PIMA_code/catalog/model/account/customer.php on line 8
2017-11-27 10:46:38 - PHP Warning:  Cannot modify header information - headers already sent by (output started at /Users/dinghaoli/WebServer/Documents/PIMA2017/PIMA_code/catalog/controller/startup/error.php:34) in /Users/dinghaoli/WebServer/Documents/PIMA2017/PIMA_code/system/library/response.php on line 12
2017-11-27 10:51:08 - PHP Notice:  Undefined variable: customer_group_info in /Users/dinghaoli/WebServer/Documents/PIMA2017/PIMA_code/catalog/model/account/customer.php on line 8
2017-11-27 10:51:45 - PHP Notice:  Undefined variable: customer_group_info in /Users/dinghaoli/WebServer/Documents/PIMA2017/PIMA_code/catalog/model/account/customer.php on line 8
2017-11-27 10:52:05 - PHP Notice:  Undefined index: fax in /Users/dinghaoli/WebServer/Documents/PIMA2017/PIMA_code/catalog/model/account/customer.php on line 8
2017-11-27 10:52:05 - PHP Notice:  Undefined variable: customer_group_info in /Users/dinghaoli/WebServer/Documents/PIMA2017/PIMA_code/catalog/model/account/customer.php on line 8
2017-11-27 10:52:05 - PHP Warning:  Cannot modify header information - headers already sent by (output started at /Users/dinghaoli/WebServer/Documents/PIMA2017/PIMA_code/catalog/controller/startup/error.php:34) in /Users/dinghaoli/WebServer/Documents/PIMA2017/PIMA_code/system/library/response.php on line 12
2017-11-27 10:53:22 - PHP Notice:  Undefined variable: customer_group_info in /Users/dinghaoli/WebServer/Documents/PIMA2017/PIMA_code/catalog/model/account/customer.php on line 8
2017-11-27 10:54:02 - PHP Notice:  Undefined variable: customer_group_info in /Users/dinghaoli/WebServer/Documents/PIMA2017/PIMA_code/catalog/model/account/customer.php on line 8
2017-11-27 10:54:02 - PHP Warning:  Cannot modify header information - headers already sent by (output started at /Users/dinghaoli/WebServer/Documents/PIMA2017/PIMA_code/catalog/controller/startup/error.php:34) in /Users/dinghaoli/WebServer/Documents/PIMA2017/PIMA_code/system/library/response.php on line 12
2017-11-27 10:55:10 - PHP Notice:  Undefined variable: customer_group_info in /Users/dinghaoli/WebServer/Documents/PIMA2017/PIMA_code/catalog/model/account/customer.php on line 8
2017-11-27 10:55:10 - PHP Warning:  Cannot modify header information - headers already sent by (output started at /Users/dinghaoli/WebServer/Documents/PIMA2017/PIMA_code/catalog/controller/startup/error.php:34) in /Users/dinghaoli/WebServer/Documents/PIMA2017/PIMA_code/system/library/response.php on line 12
2017-11-27 10:56:35 - PHP Notice:  Undefined variable: customer_group_info in /Users/dinghaoli/WebServer/Documents/PIMA2017/PIMA_code/catalog/model/account/customer.php on line 8
2017-11-27 10:56:35 - PHP Warning:  Cannot modify header information - headers already sent by (output started at /Users/dinghaoli/WebServer/Documents/PIMA2017/PIMA_code/catalog/controller/startup/error.php:34) in /Users/dinghaoli/WebServer/Documents/PIMA2017/PIMA_code/system/library/response.php on line 12
